2022-03-21 09:09:36,021 INFO org.springframework.boot.StartupInfoLogger [main] Starting TwitterToKafkaServiceApplication using Java 11.0.14.1 on WINDOWS-0UQB5OE with PID 8364 (C:\Users\NEPTUNEDEVELOP1\Documents\Twitter-Analytics-System\twitter-to-kafka-service\target\classes started by NEPTUNEDEVELOP1 in C:\Users\NEPTUNEDEVELOP1\Documents\Twitter-Analytics-System)
2022-03-21 09:09:36,045 DEBUG org.springframework.boot.StartupInfoLogger [main] Running with Spring Boot v2.6.4, Spring v5.3.16
2022-03-21 09:09:36,046 INFO org.springframework.boot.SpringApplication [main] No active profile set, falling back to 1 default profile: "default"
2022-03-21 09:09:37,209 INFO org.springframework.boot.StartupInfoLogger [main] Started TwitterToKafkaServiceApplication in 1.87 seconds (JVM running for 3.067)
2022-03-21 09:09:37,212 INFO com.mrdiipo.twittertokafkaservice.TwitterToKafkaServiceApplication [main] App Starts...
2022-03-21 09:09:37,212 INFO com.mrdiipo.twittertokafkaservice.TwitterToKafkaServiceApplication [main] [Java, Microservices, Spring, Kafka, ElasticSearch, kubernetes, DevOps, Containers, GoLang]
2022-03-21 09:09:37,212 INFO com.mrdiipo.twittertokafkaservice.runner.impl.MockKafkaStreamRunner [main] Starting mock filtering twitter streams for keywords [Java, Microservices, Spring, Kafka, ElasticSearch, kubernetes, DevOps, Containers, GoLang]
2022-03-21 09:09:37,661 INFO com.mrdiipo.twittertokafkaservice.listener.TwitterKafkaStatusListener [pool-1-thread-1] Twitter status with text Maecenas sed lectus ultricies adipiscing dolor pulvinar dolor DevOps massa consectetuer ultricies Maecenas posuere congue
2022-03-21 09:09:47,678 INFO com.mrdiipo.twittertokafkaservice.listener.TwitterKafkaStatusListener [pool-1-thread-1] Twitter status with text ipsum congue sit Fusce magna amet Microservices elit ultricies libero purus
2022-03-21 09:09:57,694 INFO com.mrdiipo.twittertokafkaservice.listener.TwitterKafkaStatusListener [pool-1-thread-1] Twitter status with text sit sed libero Lorem amet ipsum consectetuer kubernetes sit adipiscing ipsum adipiscing Maecenas amet
2022-03-21 09:10:07,709 INFO com.mrdiipo.twittertokafkaservice.listener.TwitterKafkaStatusListener [pool-1-thread-1] Twitter status with text amet adipiscing congue Microservices sit lectus
2022-03-21 09:10:17,718 INFO com.mrdiipo.twittertokafkaservice.listener.TwitterKafkaStatusListener [pool-1-thread-1] Twitter status with text posuere pulvinar consectetuer Lorem ipsum dolor Maecenas GoLang libero sit consectetuer adipiscing posuere
2022-03-21 09:10:27,724 INFO com.mrdiipo.twittertokafkaservice.listener.TwitterKafkaStatusListener [pool-1-thread-1] Twitter status with text lectus malesuada massa congue purus Java elit adipiscing pulvinar
2022-03-21 09:10:37,733 INFO com.mrdiipo.twittertokafkaservice.listener.TwitterKafkaStatusListener [pool-1-thread-1] Twitter status with text consectetuer lectus ultricies ipsum sit elit Maecenas Kafka libero ultricies consectetuer massa massa
2022-03-21 09:10:47,735 INFO com.mrdiipo.twittertokafkaservice.listener.TwitterKafkaStatusListener [pool-1-thread-1] Twitter status with text pulvinar Fusce amet magna massa porttitor dolor GoLang Fusce libero magna massa porttitor
2022-03-21 09:10:57,744 INFO com.mrdiipo.twittertokafkaservice.listener.TwitterKafkaStatusListener [pool-1-thread-1] Twitter status with text dolor dolor adipiscing congue DevOps porttitor pulvinar pulvinar
2022-03-21 09:11:07,748 INFO com.mrdiipo.twittertokafkaservice.listener.TwitterKafkaStatusListener [pool-1-thread-1] Twitter status with text congue sed ipsum sed magna pulvinar posuere Containers malesuada pulvinar lectus congue ultricies posuere
2022-03-21 09:11:17,755 INFO com.mrdiipo.twittertokafkaservice.listener.TwitterKafkaStatusListener [pool-1-thread-1] Twitter status with text sed ultricies libero elit posuere sit Kafka adipiscing sed congue ipsum
2022-03-21 09:11:27,769 INFO com.mrdiipo.twittertokafkaservice.listener.TwitterKafkaStatusListener [pool-1-thread-1] Twitter status with text consectetuer posuere sed Lorem consectetuer posuere consectetuer Maecenas Kafka congue massa ipsum consectetuer posuere sed Lorem
2022-03-21 09:11:37,780 INFO com.mrdiipo.twittertokafkaservice.listener.TwitterKafkaStatusListener [pool-1-thread-1] Twitter status with text Fusce sed Lorem congue kubernetes magna dolor congue
2022-03-21 09:11:47,786 INFO com.mrdiipo.twittertokafkaservice.listener.TwitterKafkaStatusListener [pool-1-thread-1] Twitter status with text porttitor consectetuer massa dolor consectetuer Microservices sit purus malesuada
2022-03-21 09:11:57,788 INFO com.mrdiipo.twittertokafkaservice.listener.TwitterKafkaStatusListener [pool-1-thread-1] Twitter status with text Fusce porttitor massa Lorem porttitor magna amet Spring Maecenas amet dolor porttitor Maecenas
2022-03-21 09:12:07,794 INFO com.mrdiipo.twittertokafkaservice.listener.TwitterKafkaStatusListener [pool-1-thread-1] Twitter status with text consectetuer sit porttitor Microservices ipsum adipiscing
2022-03-21 09:12:17,802 INFO com.mrdiipo.twittertokafkaservice.listener.TwitterKafkaStatusListener [pool-1-thread-1] Twitter status with text porttitor posuere Fusce libero Maecenas Kafka pulvinar Fusce posuere
2022-03-21 09:12:27,810 INFO com.mrdiipo.twittertokafkaservice.listener.TwitterKafkaStatusListener [pool-1-thread-1] Twitter status with text ipsum congue dolor purus Kafka dolor libero malesuada
2022-03-21 09:12:37,825 INFO com.mrdiipo.twittertokafkaservice.listener.TwitterKafkaStatusListener [pool-1-thread-1] Twitter status with text malesuada ipsum dolor malesuada consectetuer ipsum Java amet ipsum ipsum elit purus
2022-03-21 09:12:47,835 INFO com.mrdiipo.twittertokafkaservice.listener.TwitterKafkaStatusListener [pool-1-thread-1] Twitter status with text Fusce purus elit pulvinar dolor elit sit ipsum GoLang sed posuere sit ipsum magna elit
2022-03-21 09:12:57,838 INFO com.mrdiipo.twittertokafkaservice.listener.TwitterKafkaStatusListener [pool-1-thread-1] Twitter status with text congue porttitor libero posuere Maecenas dolor amet Maecenas Kafka malesuada porttitor amet ipsum sit massa amet
2022-03-21 09:13:07,851 INFO com.mrdiipo.twittertokafkaservice.listener.TwitterKafkaStatusListener [pool-1-thread-1] Twitter status with text Fusce Fusce ipsum amet posuere Java purus porttitor malesuada massa
2022-03-21 09:13:17,854 INFO com.mrdiipo.twittertokafkaservice.listener.TwitterKafkaStatusListener [pool-1-thread-1] Twitter status with text elit purus lectus ipsum Maecenas ElasticSearch libero elit libero
2022-03-21 09:13:27,858 INFO com.mrdiipo.twittertokafkaservice.listener.TwitterKafkaStatusListener [pool-1-thread-1] Twitter status with text pulvinar Maecenas ipsum consectetuer kubernetes porttitor sit massa
2022-03-21 09:13:37,860 INFO com.mrdiipo.twittertokafkaservice.listener.TwitterKafkaStatusListener [pool-1-thread-1] Twitter status with text malesuada posuere ultricies purus posuere Containers magna malesuada Maecenas
2022-03-21 09:13:47,865 INFO com.mrdiipo.twittertokafkaservice.listener.TwitterKafkaStatusListener [pool-1-thread-1] Twitter status with text elit lectus libero porttitor lectus adipiscing magna Fusce Kafka elit massa Fusce libero dolor porttitor
2022-03-21 09:13:57,875 INFO com.mrdiipo.twittertokafkaservice.listener.TwitterKafkaStatusListener [pool-1-thread-1] Twitter status with text sit congue pulvinar libero consectetuer Java consectetuer congue massa congue
2022-03-21 09:14:07,887 INFO com.mrdiipo.twittertokafkaservice.listener.TwitterKafkaStatusListener [pool-1-thread-1] Twitter status with text Fusce Lorem posuere posuere sed dolor massa Containers adipiscing magna consectetuer malesuada lectus elit
2022-03-21 09:14:17,888 INFO com.mrdiipo.twittertokafkaservice.listener.TwitterKafkaStatusListener [pool-1-thread-1] Twitter status with text posuere Lorem malesuada ElasticSearch congue purus
2022-03-21 09:14:27,895 INFO com.mrdiipo.twittertokafkaservice.listener.TwitterKafkaStatusListener [pool-1-thread-1] Twitter status with text pulvinar lectus ipsum malesuada lectus GoLang porttitor libero Lorem
2022-03-21 09:14:37,900 INFO com.mrdiipo.twittertokafkaservice.listener.TwitterKafkaStatusListener [pool-1-thread-1] Twitter status with text sit Lorem amet dolor consectetuer massa Microservices porttitor dolor Lorem ipsum
2022-03-21 09:14:47,903 INFO com.mrdiipo.twittertokafkaservice.listener.TwitterKafkaStatusListener [pool-1-thread-1] Twitter status with text dolor Lorem adipiscing lectus Maecenas elit purus Fusce kubernetes purus congue porttitor lectus magna Maecenas
2022-03-21 09:14:57,905 INFO com.mrdiipo.twittertokafkaservice.listener.TwitterKafkaStatusListener [pool-1-thread-1] Twitter status with text ipsum posuere magna Java posuere dolor
2022-03-21 09:15:07,906 INFO com.mrdiipo.twittertokafkaservice.listener.TwitterKafkaStatusListener [pool-1-thread-1] Twitter status with text malesuada sed lectus libero Fusce ElasticSearch congue dolor sed
2022-03-21 11:14:36,679 INFO org.springframework.boot.StartupInfoLogger [main] Starting TwitterToKafkaServiceApplication using Java 11.0.14.1 on WINDOWS-0UQB5OE with PID 2724 (C:\Users\NEPTUNEDEVELOP1\Documents\Twitter-Analytics-System\twitter-to-kafka-service\target\classes started by NEPTUNEDEVELOP1 in C:\Users\NEPTUNEDEVELOP1\Documents\Twitter-Analytics-System)
2022-03-21 11:14:36,693 DEBUG org.springframework.boot.StartupInfoLogger [main] Running with Spring Boot v2.6.4, Spring v5.3.16
2022-03-21 11:14:36,694 INFO org.springframework.boot.SpringApplication [main] No active profile set, falling back to 1 default profile: "default"
2022-03-21 11:14:38,234 INFO org.springframework.boot.StartupInfoLogger [main] Started TwitterToKafkaServiceApplication in 2.87 seconds (JVM running for 5.508)
2022-03-21 11:14:38,236 INFO com.mrdiipo.twittertokafkaservice.TwitterToKafkaServiceApplication [main] App Starts...
2022-03-21 11:14:38,237 INFO com.mrdiipo.twittertokafkaservice.TwitterToKafkaServiceApplication [main] [Java, Microservices, Spring, Kafka, ElasticSearch, kubernetes, DevOps, Containers, GoLang]
2022-03-21 11:14:38,237 INFO com.mrdiipo.twittertokafkaservice.runner.impl.MockKafkaStreamRunner [main] Starting mock filtering twitter streams for keywords [Java, Microservices, Spring, Kafka, ElasticSearch, kubernetes, DevOps, Containers, GoLang]
2022-03-21 11:14:38,469 INFO com.mrdiipo.twittertokafkaservice.listener.TwitterKafkaStatusListener [pool-1-thread-1] Twitter status with text Lorem libero libero libero massa libero Kafka pulvinar elit dolor malesuada
2022-03-21 11:14:48,483 INFO com.mrdiipo.twittertokafkaservice.listener.TwitterKafkaStatusListener [pool-1-thread-1] Twitter status with text elit libero amet ipsum ipsum porttitor ElasticSearch Maecenas Lorem libero libero
2022-03-21 11:14:58,487 INFO com.mrdiipo.twittertokafkaservice.listener.TwitterKafkaStatusListener [pool-1-thread-1] Twitter status with text Fusce purus massa consectetuer kubernetes massa sit Maecenas
2022-03-21 11:15:08,499 INFO com.mrdiipo.twittertokafkaservice.listener.TwitterKafkaStatusListener [pool-1-thread-1] Twitter status with text adipiscing sed pulvinar magna lectus porttitor kubernetes porttitor ipsum sed massa
2022-03-21 11:15:18,512 INFO com.mrdiipo.twittertokafkaservice.listener.TwitterKafkaStatusListener [pool-1-thread-1] Twitter status with text sed massa lectus sed consectetuer congue posuere libero GoLang Lorem posuere purus purus Maecenas Lorem
2022-03-21 11:15:28,514 INFO com.mrdiipo.twittertokafkaservice.listener.TwitterKafkaStatusListener [pool-1-thread-1] Twitter status with text ultricies sit Lorem kubernetes porttitor posuere
2022-03-21 11:15:38,530 INFO com.mrdiipo.twittertokafkaservice.listener.TwitterKafkaStatusListener [pool-1-thread-1] Twitter status with text sit Lorem lectus congue Containers dolor amet sed
2022-03-21 11:15:48,541 INFO com.mrdiipo.twittertokafkaservice.listener.TwitterKafkaStatusListener [pool-1-thread-1] Twitter status with text magna ultricies elit Maecenas dolor porttitor ultricies amet Java magna amet purus lectus Lorem pulvinar
2022-03-21 11:15:58,548 INFO com.mrdiipo.twittertokafkaservice.listener.TwitterKafkaStatusListener [pool-1-thread-1] Twitter status with text lectus porttitor Fusce massa sit Kafka porttitor pulvinar adipiscing dolor
2022-03-21 11:16:08,555 INFO com.mrdiipo.twittertokafkaservice.listener.TwitterKafkaStatusListener [pool-1-thread-1] Twitter status with text posuere malesuada dolor congue lectus amet Fusce lectus ElasticSearch ultricies elit posuere pulvinar pulvinar malesuada sit
2022-03-21 11:16:18,570 INFO com.mrdiipo.twittertokafkaservice.listener.TwitterKafkaStatusListener [pool-1-thread-1] Twitter status with text ipsum amet pulvinar pulvinar sit congue libero Containers malesuada massa purus porttitor Maecenas
2022-03-21 11:16:28,574 INFO com.mrdiipo.twittertokafkaservice.listener.TwitterKafkaStatusListener [pool-1-thread-1] Twitter status with text sit libero congue sed porttitor Fusce Spring pulvinar Lorem porttitor Lorem
2022-03-21 11:16:38,584 INFO com.mrdiipo.twittertokafkaservice.listener.TwitterKafkaStatusListener [pool-1-thread-1] Twitter status with text magna pulvinar adipiscing malesuada Maecenas libero amet congue ElasticSearch purus massa Fusce massa ipsum pulvinar
2022-03-21 11:16:48,588 INFO com.mrdiipo.twittertokafkaservice.listener.TwitterKafkaStatusListener [pool-1-thread-1] Twitter status with text libero dolor Maecenas adipiscing DevOps pulvinar dolor ipsum
2022-03-21 11:16:58,600 INFO com.mrdiipo.twittertokafkaservice.listener.TwitterKafkaStatusListener [pool-1-thread-1] Twitter status with text massa dolor adipiscing dolor malesuada Lorem Fusce Java adipiscing sed dolor malesuada lectus massa
2022-03-21 11:17:08,610 INFO com.mrdiipo.twittertokafkaservice.listener.TwitterKafkaStatusListener [pool-1-thread-1] Twitter status with text purus lectus pulvinar lectus adipiscing DevOps libero purus ipsum purus
2022-03-21 11:17:18,622 INFO com.mrdiipo.twittertokafkaservice.listener.TwitterKafkaStatusListener [pool-1-thread-1] Twitter status with text porttitor ipsum consectetuer malesuada Maecenas dolor kubernetes sit massa sit congue
2022-03-21 11:17:28,635 INFO com.mrdiipo.twittertokafkaservice.listener.TwitterKafkaStatusListener [pool-1-thread-1] Twitter status with text congue purus lectus massa ipsum massa Maecenas libero Spring libero elit Maecenas pulvinar magna malesuada
2022-03-21 11:17:38,645 INFO com.mrdiipo.twittertokafkaservice.listener.TwitterKafkaStatusListener [pool-1-thread-1] Twitter status with text amet Lorem porttitor ultricies DevOps ultricies porttitor ipsum
2022-03-21 11:17:48,652 INFO com.mrdiipo.twittertokafkaservice.listener.TwitterKafkaStatusListener [pool-1-thread-1] Twitter status with text porttitor porttitor purus ultricies libero porttitor DevOps adipiscing ipsum lectus Maecenas
2022-03-21 11:17:58,653 INFO com.mrdiipo.twittertokafkaservice.listener.TwitterKafkaStatusListener [pool-1-thread-1] Twitter status with text malesuada malesuada consectetuer libero congue kubernetes elit sed massa
2022-03-21 11:18:08,657 INFO com.mrdiipo.twittertokafkaservice.listener.TwitterKafkaStatusListener [pool-1-thread-1] Twitter status with text purus malesuada posuere libero amet pulvinar Fusce elit Spring amet dolor malesuada congue ipsum Maecenas purus
2022-03-21 11:18:18,670 INFO com.mrdiipo.twittertokafkaservice.listener.TwitterKafkaStatusListener [pool-1-thread-1] Twitter status with text posuere ultricies pulvinar malesuada purus DevOps congue elit lectus
2022-03-21 11:18:28,679 INFO com.mrdiipo.twittertokafkaservice.listener.TwitterKafkaStatusListener [pool-1-thread-1] Twitter status with text Fusce libero purus ipsum pulvinar elit ultricies Containers adipiscing ipsum purus sed pulvinar
2022-03-21 11:18:38,689 INFO com.mrdiipo.twittertokafkaservice.listener.TwitterKafkaStatusListener [pool-1-thread-1] Twitter status with text libero purus massa ultricies magna purus Lorem DevOps sed purus pulvinar amet pulvinar ultricies
2022-03-21 11:18:48,702 INFO com.mrdiipo.twittertokafkaservice.listener.TwitterKafkaStatusListener [pool-1-thread-1] Twitter status with text ipsum sit purus congue pulvinar kubernetes malesuada libero purus pulvinar
2022-03-21 11:18:58,713 INFO com.mrdiipo.twittertokafkaservice.listener.TwitterKafkaStatusListener [pool-1-thread-1] Twitter status with text dolor Lorem amet dolor libero consectetuer massa Java libero massa sed massa sed Lorem
2022-03-21 11:19:08,725 INFO com.mrdiipo.twittertokafkaservice.listener.TwitterKafkaStatusListener [pool-1-thread-1] Twitter status with text pulvinar congue consectetuer pulvinar elit dolor dolor dolor ElasticSearch malesuada Fusce Fusce amet porttitor Maecenas amet
2022-03-21 11:19:18,728 INFO com.mrdiipo.twittertokafkaservice.listener.TwitterKafkaStatusListener [pool-1-thread-1] Twitter status with text Lorem pulvinar magna libero ultricies ipsum massa porttitor Java pulvinar magna sed libero ipsum adipiscing adipiscing
2022-03-21 11:19:28,730 INFO com.mrdiipo.twittertokafkaservice.listener.TwitterKafkaStatusListener [pool-1-thread-1] Twitter status with text porttitor magna adipiscing adipiscing Containers adipiscing elit
2022-03-21 11:19:38,745 INFO com.mrdiipo.twittertokafkaservice.listener.TwitterKafkaStatusListener [pool-1-thread-1] Twitter status with text consectetuer purus posuere lectus DevOps lectus lectus congue
2022-03-21 11:19:48,747 INFO com.mrdiipo.twittertokafkaservice.listener.TwitterKafkaStatusListener [pool-1-thread-1] Twitter status with text dolor purus adipiscing porttitor ipsum Kafka malesuada purus posuere magna
2022-03-21 11:19:58,751 INFO com.mrdiipo.twittertokafkaservice.listener.TwitterKafkaStatusListener [pool-1-thread-1] Twitter status with text lectus ultricies amet amet malesuada purus magna Containers lectus dolor lectus dolor sed adipiscing
2022-03-21 11:20:08,760 INFO com.mrdiipo.twittertokafkaservice.listener.TwitterKafkaStatusListener [pool-1-thread-1] Twitter status with text sed Maecenas malesuada congue DevOps congue libero
2022-03-21 11:20:18,762 INFO com.mrdiipo.twittertokafkaservice.listener.TwitterKafkaStatusListener [pool-1-thread-1] Twitter status with text porttitor pulvinar amet congue malesuada libero dolor purus kubernetes elit pulvinar ipsum magna elit ultricies
2022-03-21 11:20:28,776 INFO com.mrdiipo.twittertokafkaservice.listener.TwitterKafkaStatusListener [pool-1-thread-1] Twitter status with text sed magna porttitor libero congue pulvinar amet malesuada ElasticSearch posuere magna Lorem pulvinar pulvinar ipsum
2022-03-21 11:20:38,788 INFO com.mrdiipo.twittertokafkaservice.listener.TwitterKafkaStatusListener [pool-1-thread-1] Twitter status with text sed malesuada posuere purus libero ElasticSearch Lorem amet porttitor sit
2022-03-21 11:20:48,800 INFO com.mrdiipo.twittertokafkaservice.listener.TwitterKafkaStatusListener [pool-1-thread-1] Twitter status with text massa Lorem porttitor lectus Spring ultricies adipiscing libero
2022-03-21 11:20:58,814 INFO com.mrdiipo.twittertokafkaservice.listener.TwitterKafkaStatusListener [pool-1-thread-1] Twitter status with text Fusce congue amet ipsum Maecenas Microservices consectetuer dolor magna Maecenas
2022-03-21 11:21:08,827 INFO com.mrdiipo.twittertokafkaservice.listener.TwitterKafkaStatusListener [pool-1-thread-1] Twitter status with text porttitor consectetuer consectetuer ultricies lectus sit ElasticSearch posuere Fusce Fusce elit malesuada
2022-03-21 11:21:18,829 INFO com.mrdiipo.twittertokafkaservice.listener.TwitterKafkaStatusListener [pool-1-thread-1] Twitter status with text elit adipiscing massa magna ultricies purus ipsum Spring posuere ipsum Maecenas adipiscing consectetuer massa
2022-03-21 11:21:28,840 INFO com.mrdiipo.twittertokafkaservice.listener.TwitterKafkaStatusListener [pool-1-thread-1] Twitter status with text magna libero ipsum sed Maecenas libero pulvinar kubernetes congue consectetuer Maecenas sed consectetuer dolor
2022-03-21 11:21:38,844 INFO com.mrdiipo.twittertokafkaservice.listener.TwitterKafkaStatusListener [pool-1-thread-1] Twitter status with text Maecenas porttitor adipiscing congue sit amet GoLang ultricies malesuada congue lectus dolor
2022-03-21 11:21:48,848 INFO com.mrdiipo.twittertokafkaservice.listener.TwitterKafkaStatusListener [pool-1-thread-1] Twitter status with text adipiscing adipiscing adipiscing Fusce elit Java magna Fusce libero malesuada
2022-03-21 11:21:58,852 INFO com.mrdiipo.twittertokafkaservice.listener.TwitterKafkaStatusListener [pool-1-thread-1] Twitter status with text massa purus elit Maecenas ultricies sed Maecenas elit ElasticSearch congue sed Maecenas massa congue ipsum
2022-03-21 11:22:08,859 INFO com.mrdiipo.twittertokafkaservice.listener.TwitterKafkaStatusListener [pool-1-thread-1] Twitter status with text amet ipsum Fusce massa libero DevOps adipiscing Lorem sit sed
2022-03-21 11:22:18,876 INFO com.mrdiipo.twittertokafkaservice.listener.TwitterKafkaStatusListener [pool-1-thread-1] Twitter status with text posuere lectus sit pulvinar sit congue Spring massa lectus massa libero
2022-03-21 11:22:28,891 INFO com.mrdiipo.twittertokafkaservice.listener.TwitterKafkaStatusListener [pool-1-thread-1] Twitter status with text malesuada ultricies lectus ultricies amet sit Microservices massa Lorem amet Lorem
2022-03-21 11:22:38,907 INFO com.mrdiipo.twittertokafkaservice.listener.TwitterKafkaStatusListener [pool-1-thread-1] Twitter status with text pulvinar porttitor dolor GoLang ipsum congue
2022-03-21 11:22:48,922 INFO com.mrdiipo.twittertokafkaservice.listener.TwitterKafkaStatusListener [pool-1-thread-1] Twitter status with text congue adipiscing porttitor congue lectus adipiscing Fusce amet Java consectetuer lectus sit adipiscing magna ipsum
2022-03-21 11:22:58,928 INFO com.mrdiipo.twittertokafkaservice.listener.TwitterKafkaStatusListener [pool-1-thread-1] Twitter status with text ultricies Fusce sed libero Kafka consectetuer ultricies malesuada
2022-03-21 11:23:08,939 INFO com.mrdiipo.twittertokafkaservice.listener.TwitterKafkaStatusListener [pool-1-thread-1] Twitter status with text magna congue libero adipiscing congue Java sit sed elit
2022-03-21 11:23:18,952 INFO com.mrdiipo.twittertokafkaservice.listener.TwitterKafkaStatusListener [pool-1-thread-1] Twitter status with text libero ipsum malesuada congue Java malesuada posuere
2022-03-21 11:23:28,957 INFO com.mrdiipo.twittertokafkaservice.listener.TwitterKafkaStatusListener [pool-1-thread-1] Twitter status with text Maecenas consectetuer dolor adipiscing kubernetes elit porttitor Maecenas
2022-03-21 11:23:38,963 INFO com.mrdiipo.twittertokafkaservice.listener.TwitterKafkaStatusListener [pool-1-thread-1] Twitter status with text libero massa ultricies Fusce Maecenas purus ultricies ElasticSearch adipiscing malesuada posuere Lorem elit
2022-03-21 11:23:48,977 INFO com.mrdiipo.twittertokafkaservice.listener.TwitterKafkaStatusListener [pool-1-thread-1] Twitter status with text amet purus elit massa elit elit congue malesuada ElasticSearch elit sit malesuada ipsum congue adipiscing Lorem
2022-03-21 11:23:58,984 INFO com.mrdiipo.twittertokafkaservice.listener.TwitterKafkaStatusListener [pool-1-thread-1] Twitter status with text purus massa malesuada sit libero ultricies Java Maecenas libero Fusce massa Maecenas
2022-03-21 11:24:08,998 INFO com.mrdiipo.twittertokafkaservice.listener.TwitterKafkaStatusListener [pool-1-thread-1] Twitter status with text lectus massa libero amet ipsum lectus Java malesuada posuere ipsum libero
2022-03-21 11:24:19,015 INFO com.mrdiipo.twittertokafkaservice.listener.TwitterKafkaStatusListener [pool-1-thread-1] Twitter status with text lectus congue lectus consectetuer Lorem posuere Lorem pulvinar GoLang ultricies purus ipsum adipiscing adipiscing massa
2022-03-21 11:24:29,021 INFO com.mrdiipo.twittertokafkaservice.listener.TwitterKafkaStatusListener [pool-1-thread-1] Twitter status with text sit malesuada congue Containers posuere magna
2022-03-21 11:24:39,023 INFO com.mrdiipo.twittertokafkaservice.listener.TwitterKafkaStatusListener [pool-1-thread-1] Twitter status with text sit magna massa sit lectus sed massa pulvinar Containers massa sed amet Maecenas magna Maecenas Maecenas
2022-03-21 11:24:49,030 INFO com.mrdiipo.twittertokafkaservice.listener.TwitterKafkaStatusListener [pool-1-thread-1] Twitter status with text congue porttitor libero Lorem massa Maecenas ultricies porttitor Containers consectetuer sed purus sed amet libero
2022-03-21 11:24:59,034 INFO com.mrdiipo.twittertokafkaservice.listener.TwitterKafkaStatusListener [pool-1-thread-1] Twitter status with text pulvinar dolor purus lectus DevOps purus porttitor
2022-03-21 11:25:09,048 INFO com.mrdiipo.twittertokafkaservice.listener.TwitterKafkaStatusListener [pool-1-thread-1] Twitter status with text congue adipiscing consectetuer dolor posuere pulvinar adipiscing Maecenas ElasticSearch congue Lorem libero libero libero pulvinar consectetuer
2022-03-21 11:25:19,052 INFO com.mrdiipo.twittertokafkaservice.listener.TwitterKafkaStatusListener [pool-1-thread-1] Twitter status with text ultricies congue consectetuer elit consectetuer Kafka adipiscing ipsum dolor
2022-03-21 11:25:29,059 INFO com.mrdiipo.twittertokafkaservice.listener.TwitterKafkaStatusListener [pool-1-thread-1] Twitter status with text elit lectus magna ElasticSearch consectetuer lectus
2022-03-21 11:25:39,066 INFO com.mrdiipo.twittertokafkaservice.listener.TwitterKafkaStatusListener [pool-1-thread-1] Twitter status with text Maecenas elit Fusce libero sit amet Spring amet dolor purus congue
2022-03-21 11:25:49,068 INFO com.mrdiipo.twittertokafkaservice.listener.TwitterKafkaStatusListener [pool-1-thread-1] Twitter status with text malesuada ultricies ultricies lectus amet Lorem sit ipsum DevOps elit Maecenas purus Fusce adipiscing congue
2022-03-21 11:25:59,070 INFO com.mrdiipo.twittertokafkaservice.listener.TwitterKafkaStatusListener [pool-1-thread-1] Twitter status with text ultricies Fusce pulvinar Fusce magna ElasticSearch porttitor congue consectetuer
2022-03-21 11:26:09,076 INFO com.mrdiipo.twittertokafkaservice.listener.TwitterKafkaStatusListener [pool-1-thread-1] Twitter status with text massa magna dolor sit Spring libero amet sed
2022-03-21 11:26:19,085 INFO com.mrdiipo.twittertokafkaservice.listener.TwitterKafkaStatusListener [pool-1-thread-1] Twitter status with text sit consectetuer pulvinar amet magna libero massa Java lectus amet porttitor sed consectetuer
2022-03-21 11:26:29,086 INFO com.mrdiipo.twittertokafkaservice.listener.TwitterKafkaStatusListener [pool-1-thread-1] Twitter status with text posuere malesuada dolor malesuada Fusce sed ipsum congue Spring purus elit adipiscing porttitor elit Maecenas congue
2022-03-21 11:26:39,100 INFO com.mrdiipo.twittertokafkaservice.listener.TwitterKafkaStatusListener [pool-1-thread-1] Twitter status with text pulvinar ultricies Fusce amet Microservices libero consectetuer purus
2022-03-21 11:26:49,112 INFO com.mrdiipo.twittertokafkaservice.listener.TwitterKafkaStatusListener [pool-1-thread-1] Twitter status with text sit amet lectus Maecenas massa dolor lectus kubernetes malesuada adipiscing lectus malesuada Fusce
2022-03-21 11:26:59,118 INFO com.mrdiipo.twittertokafkaservice.listener.TwitterKafkaStatusListener [pool-1-thread-1] Twitter status with text Lorem pulvinar consectetuer ipsum malesuada consectetuer GoLang Maecenas Maecenas libero malesuada
2022-03-21 11:27:09,128 INFO com.mrdiipo.twittertokafkaservice.listener.TwitterKafkaStatusListener [pool-1-thread-1] Twitter status with text libero ultricies lectus amet Maecenas Containers malesuada Fusce ultricies
2022-03-21 11:27:19,141 INFO com.mrdiipo.twittertokafkaservice.listener.TwitterKafkaStatusListener [pool-1-thread-1] Twitter status with text ultricies pulvinar ipsum sit Spring Maecenas dolor Lorem
2022-03-21 11:27:29,142 INFO com.mrdiipo.twittertokafkaservice.listener.TwitterKafkaStatusListener [pool-1-thread-1] Twitter status with text Maecenas congue elit sed dolor porttitor adipiscing GoLang ipsum lectus Fusce lectus Fusce
2022-03-21 11:27:39,151 INFO com.mrdiipo.twittertokafkaservice.listener.TwitterKafkaStatusListener [pool-1-thread-1] Twitter status with text elit purus ipsum Containers libero porttitor
2022-03-21 11:27:49,155 INFO com.mrdiipo.twittertokafkaservice.listener.TwitterKafkaStatusListener [pool-1-thread-1] Twitter status with text Fusce pulvinar lectus pulvinar ultricies Spring porttitor dolor lectus
2022-03-21 11:27:59,159 INFO com.mrdiipo.twittertokafkaservice.listener.TwitterKafkaStatusListener [pool-1-thread-1] Twitter status with text lectus Lorem magna malesuada adipiscing sit Lorem congue Java libero magna amet amet amet adipiscing
2022-03-21 11:28:09,166 INFO com.mrdiipo.twittertokafkaservice.listener.TwitterKafkaStatusListener [pool-1-thread-1] Twitter status with text posuere porttitor ipsum sit consectetuer Fusce libero dolor Microservices Lorem Fusce Fusce amet malesuada congue ipsum
2022-03-21 11:28:19,166 INFO com.mrdiipo.twittertokafkaservice.listener.TwitterKafkaStatusListener [pool-1-thread-1] Twitter status with text dolor magna Fusce malesuada elit consectetuer Lorem Spring Fusce magna Lorem Maecenas lectus adipiscing
2022-03-21 11:28:29,169 INFO com.mrdiipo.twittertokafkaservice.listener.TwitterKafkaStatusListener [pool-1-thread-1] Twitter status with text congue adipiscing Fusce amet congue sed consectetuer Microservices lectus sit posuere Lorem sit sed
2022-03-21 11:28:39,171 INFO com.mrdiipo.twittertokafkaservice.listener.TwitterKafkaStatusListener [pool-1-thread-1] Twitter status with text lectus malesuada sed adipiscing dolor massa sit consectetuer Java adipiscing ipsum posuere consectetuer pulvinar Maecenas
2022-03-21 11:28:49,178 INFO com.mrdiipo.twittertokafkaservice.listener.TwitterKafkaStatusListener [pool-1-thread-1] Twitter status with text dolor consectetuer pulvinar Maecenas ElasticSearch sed sed purus
2022-03-21 11:28:59,190 INFO com.mrdiipo.twittertokafkaservice.listener.TwitterKafkaStatusListener [pool-1-thread-1] Twitter status with text Maecenas consectetuer Maecenas pulvinar sed malesuada amet consectetuer Java elit Lorem porttitor adipiscing posuere pulvinar
2022-03-21 11:29:09,195 INFO com.mrdiipo.twittertokafkaservice.listener.TwitterKafkaStatusListener [pool-1-thread-1] Twitter status with text ipsum dolor Lorem amet magna posuere GoLang magna lectus sed congue libero
2022-03-21 11:29:19,197 INFO com.mrdiipo.twittertokafkaservice.listener.TwitterKafkaStatusListener [pool-1-thread-1] Twitter status with text ipsum sed congue sed Spring Maecenas elit massa
2022-03-21 11:29:29,202 INFO com.mrdiipo.twittertokafkaservice.listener.TwitterKafkaStatusListener [pool-1-thread-1] Twitter status with text sit sit consectetuer dolor porttitor Maecenas pulvinar kubernetes dolor amet dolor porttitor libero magna
2022-03-21 11:29:39,214 INFO com.mrdiipo.twittertokafkaservice.listener.TwitterKafkaStatusListener [pool-1-thread-1] Twitter status with text elit posuere pulvinar libero GoLang porttitor ipsum
2022-03-21 11:29:49,218 INFO com.mrdiipo.twittertokafkaservice.listener.TwitterKafkaStatusListener [pool-1-thread-1] Twitter status with text sit purus purus Microservices Maecenas massa
2022-03-21 11:29:59,230 INFO com.mrdiipo.twittertokafkaservice.listener.TwitterKafkaStatusListener [pool-1-thread-1] Twitter status with text lectus posuere dolor lectus magna sit kubernetes purus consectetuer libero dolor ipsum
2022-03-21 11:30:09,233 INFO com.mrdiipo.twittertokafkaservice.listener.TwitterKafkaStatusListener [pool-1-thread-1] Twitter status with text Maecenas ipsum ipsum lectus posuere ipsum Spring sed malesuada lectus purus dolor
2022-03-21 11:30:19,247 INFO com.mrdiipo.twittertokafkaservice.listener.TwitterKafkaStatusListener [pool-1-thread-1] Twitter status with text Fusce congue dolor sed lectus Lorem ultricies ElasticSearch Lorem sed sit dolor ultricies libero
2022-03-21 11:30:29,253 INFO com.mrdiipo.twittertokafkaservice.listener.TwitterKafkaStatusListener [pool-1-thread-1] Twitter status with text Lorem massa ultricies magna dolor Maecenas Java Lorem ultricies posuere Fusce lectus
2022-03-21 11:30:39,264 INFO com.mrdiipo.twittertokafkaservice.listener.TwitterKafkaStatusListener [pool-1-thread-1] Twitter status with text posuere porttitor pulvinar consectetuer consectetuer magna adipiscing pulvinar ElasticSearch Lorem Maecenas Lorem Lorem adipiscing elit elit
2022-03-21 11:30:49,265 INFO com.mrdiipo.twittertokafkaservice.listener.TwitterKafkaStatusListener [pool-1-thread-1] Twitter status with text amet sed congue sed purus Java sed magna adipiscing sit
2022-03-21 11:30:59,267 INFO com.mrdiipo.twittertokafkaservice.listener.TwitterKafkaStatusListener [pool-1-thread-1] Twitter status with text purus ipsum Lorem posuere sed congue DevOps Maecenas malesuada malesuada magna porttitor
2022-03-21 11:31:09,268 INFO com.mrdiipo.twittertokafkaservice.listener.TwitterKafkaStatusListener [pool-1-thread-1] Twitter status with text pulvinar purus adipiscing lectus Fusce Kafka porttitor congue Lorem Maecenas
2022-03-21 11:31:19,277 INFO com.mrdiipo.twittertokafkaservice.listener.TwitterKafkaStatusListener [pool-1-thread-1] Twitter status with text congue Fusce libero porttitor ipsum posuere Containers porttitor magna elit adipiscing
2022-03-21 11:31:29,294 INFO com.mrdiipo.twittertokafkaservice.listener.TwitterKafkaStatusListener [pool-1-thread-1] Twitter status with text ultricies dolor ultricies congue elit malesuada libero DevOps purus sit congue pulvinar amet
2022-03-21 11:31:39,306 INFO com.mrdiipo.twittertokafkaservice.listener.TwitterKafkaStatusListener [pool-1-thread-1] Twitter status with text Lorem malesuada congue sit libero purus sed Containers sit porttitor posuere lectus purus Fusce
2022-03-21 11:31:49,319 INFO com.mrdiipo.twittertokafkaservice.listener.TwitterKafkaStatusListener [pool-1-thread-1] Twitter status with text amet elit malesuada Maecenas Fusce Fusce Containers ultricies adipiscing sed dolor
2022-03-21 11:31:59,327 INFO com.mrdiipo.twittertokafkaservice.listener.TwitterKafkaStatusListener [pool-1-thread-1] Twitter status with text magna porttitor purus amet elit ipsum Lorem Lorem Microservices Maecenas sed Lorem magna porttitor massa
2022-03-21 11:32:09,329 INFO com.mrdiipo.twittertokafkaservice.listener.TwitterKafkaStatusListener [pool-1-thread-1] Twitter status with text lectus magna adipiscing amet GoLang adipiscing lectus malesuada
2022-03-21 11:32:19,341 INFO com.mrdiipo.twittertokafkaservice.listener.TwitterKafkaStatusListener [pool-1-thread-1] Twitter status with text ultricies sit Fusce amet Fusce purus libero Lorem Java magna congue Lorem Fusce Fusce lectus amet
2022-03-21 11:32:29,355 INFO com.mrdiipo.twittertokafkaservice.listener.TwitterKafkaStatusListener [pool-1-thread-1] Twitter status with text amet sit purus Maecenas libero Lorem Containers sed adipiscing posuere malesuada Fusce
2022-03-21 11:32:39,369 INFO com.mrdiipo.twittertokafkaservice.listener.TwitterKafkaStatusListener [pool-1-thread-1] Twitter status with text dolor Maecenas porttitor malesuada ultricies ipsum ElasticSearch malesuada Fusce magna elit
2022-03-21 11:32:49,372 INFO com.mrdiipo.twittertokafkaservice.listener.TwitterKafkaStatusListener [pool-1-thread-1] Twitter status with text Fusce adipiscing Fusce Lorem posuere ElasticSearch ipsum purus elit
2022-03-21 11:32:59,379 INFO com.mrdiipo.twittertokafkaservice.listener.TwitterKafkaStatusListener [pool-1-thread-1] Twitter status with text pulvinar Fusce consectetuer Lorem libero consectetuer Maecenas malesuada Kafka sed malesuada massa libero ultricies consectetuer massa
2022-03-21 11:33:09,394 INFO com.mrdiipo.twittertokafkaservice.listener.TwitterKafkaStatusListener [pool-1-thread-1] Twitter status with text Maecenas lectus purus ultricies massa ultricies Fusce Containers Maecenas dolor ultricies sed amet
2022-03-21 11:33:19,407 INFO com.mrdiipo.twittertokafkaservice.listener.TwitterKafkaStatusListener [pool-1-thread-1] Twitter status with text pulvinar ipsum amet lectus consectetuer dolor sed Fusce GoLang lectus magna malesuada ipsum sed pulvinar libero
2022-03-21 11:33:29,418 INFO com.mrdiipo.twittertokafkaservice.listener.TwitterKafkaStatusListener [pool-1-thread-1] Twitter status with text dolor magna sed massa amet purus posuere pulvinar Containers malesuada adipiscing pulvinar congue adipiscing consectetuer lectus
2022-03-21 11:33:39,429 INFO com.mrdiipo.twittertokafkaservice.listener.TwitterKafkaStatusListener [pool-1-thread-1] Twitter status with text sit congue Lorem purus massa pulvinar Kafka sit adipiscing amet ipsum ipsum
2022-03-21 11:33:49,439 INFO com.mrdiipo.twittertokafkaservice.listener.TwitterKafkaStatusListener [pool-1-thread-1] Twitter status with text amet sed elit magna Lorem magna kubernetes porttitor ipsum amet massa
2022-03-21 11:33:59,448 INFO com.mrdiipo.twittertokafkaservice.listener.TwitterKafkaStatusListener [pool-1-thread-1] Twitter status with text libero malesuada malesuada purus purus massa adipiscing dolor DevOps amet lectus pulvinar posuere magna consectetuer consectetuer
2022-03-21 11:34:09,460 INFO com.mrdiipo.twittertokafkaservice.listener.TwitterKafkaStatusListener [pool-1-thread-1] Twitter status with text dolor dolor purus amet sit porttitor lectus Containers purus amet sit porttitor ultricies
2022-03-21 11:34:19,461 INFO com.mrdiipo.twittertokafkaservice.listener.TwitterKafkaStatusListener [pool-1-thread-1] Twitter status with text pulvinar porttitor porttitor posuere consectetuer Containers amet porttitor elit
2022-03-21 11:34:29,475 INFO com.mrdiipo.twittertokafkaservice.listener.TwitterKafkaStatusListener [pool-1-thread-1] Twitter status with text posuere massa amet kubernetes adipiscing porttitor
